<?xml version="1.0" encoding="UTF-8"?>
<!-- Generated by org.testng.reporters.JUnitReportReporter -->
<testsuite hostname="MSI" failures="0" tests="2" name="com.herokuapp.theinternet.NegativeTests" time="16.728" errors="0" timestamp="28 Jun 2020 07:38:26 GMT" skipped="0">
  <testcase classname="com.herokuapp.theinternet.NegativeTests" name="incorrectUsernameTest" time="8.416"/>
  <testcase classname="com.herokuapp.theinternet.NegativeTests" name="incorrectPasswordTest" time="8.312"/>
</testsuite> <!-- com.herokuapp.theinternet.NegativeTests -->
