<?xml version="1.0" encoding="UTF-8"?>
<!-- Generated by org.testng.reporters.JUnitReportReporter -->
<testsuite hostname="MSI" failures="0" tests="1" name="com.herokuapp.theinternet.PositiveTests" time="8.687" errors="0" timestamp="28 Jun 2020 07:38:26 GMT" skipped="0">
  <testcase classname="com.herokuapp.theinternet.PositiveTests" name="loginTest" time="8.687"/>
</testsuite> <!-- com.herokuapp.theinternet.PositiveTests -->
